<?xml version="1.0" encoding="UTF-8"?>
<testsuite name="tests.Ej4UI" tests="1" skipped="0" failures="0" errors="0" timestamp="2021-03-26T04:23:10" hostname="LAPTOP-4CABPQ75" time="10.924">
  <properties/>
  <testcase name="verify_change_name" classname="tests.Ej4UI" time="10.924"/>
  <system-out><![CDATA[]]></system-out>
  <system-err><![CDATA[Starting ChromeDriver 89.0.4389.23 (61b08ee2c50024bab004e48d2b1b083cdbdac579-refs/branch-heads/4389@{#294}) on port 43373
Only local connections are allowed.
Please see https://chromedriver.chromium.org/security-considerations for suggestions on keeping ChromeDriver safe.
ChromeDriver was started successfully.
mar 26, 2021 12:23:12 AM org.openqa.selenium.remote.ProtocolHandshake createSession
INFORMACIÓN: Detected dialect: W3C
]]></system-err>
</testsuite>
