<?xml version="1.0" encoding="UTF-8"?>
<testsuite name="tests.Ej2" tests="1" skipped="0" failures="0" errors="0" timestamp="2021-03-26T12:42:37" hostname="LAPTOP-4CABPQ75" time="12.187">
  <properties/>
  <testcase name="verifyChangePwd" classname="tests.Ej2" time="12.187"/>
  <system-out><![CDATA[]]></system-out>
  <system-err><![CDATA[Starting ChromeDriver 89.0.4389.23 (61b08ee2c50024bab004e48d2b1b083cdbdac579-refs/branch-heads/4389@{#294}) on port 28758
Only local connections are allowed.
Please see https://chromedriver.chromium.org/security-considerations for suggestions on keeping ChromeDriver safe.
ChromeDriver was started successfully.
mar 26, 2021 8:42:39 AM org.openqa.selenium.remote.ProtocolHandshake createSession
INFORMACIÓN: Detected dialect: W3C
]]></system-err>
</testsuite>
